[0m2021.07.13 12:48:02 INFO  Started: Metals version 0.10.4 in workspace 'C:\Users\gaber\Desktop\Revature Items\Project 0' for client Visual Studio Code 1.58.1.[0m
[0m2021.07.13 12:48:03 INFO  time: initialize in 1.11s[0m
[0m2021.07.13 12:48:03 WARN  Build server is not auto-connectable.[0m
[0m2021.07.13 12:48:03 WARN  no build target for: C:\Users\gaber\Desktop\Revature Items\Project 0\src\main\scala\Elemental_Showdown.scala[0m
[0m2021.07.13 12:48:06 INFO  no build target: using presentation compiler with only scala-library: 2.12.14[0m
[0m2021.07.13 12:48:07 INFO  running 'C:\Program Files\Java\jdk1.8.0_261\bin\java -Djline.terminal=jline.UnsupportedTerminal -Dsbt.log.noformat=true -Dfile.encoding=UTF-8 -Dsbt.version=1.5.2 -jar C:\Users\gaber\AppData\Local\Temp\metals3438810417172793474\sbt-launch.jar -Dbloop.export-jar-classifiers=sources bloopInstall'[0m
[0m2021.07.13 12:48:08 INFO  time: code lens generation in 3.95s[0m
[0m2021.07.13 12:48:09 INFO  [info] Updated file C:\Users\gaber\Desktop\Revature Items\Project 0\project\build.properties: set sbt.version to 1.5.2[0m
[0m2021.07.13 12:48:09 INFO  [info] welcome to sbt 1.5.2 (Oracle Corporation Java 1.8.0_261)[0m
[0m2021.07.13 12:48:12 INFO  [info] loading settings for project project-0-build-build from metals.sbt ...[0m
[0m2021.07.13 12:48:12 INFO  [info] loading project definition from C:\Users\gaber\Desktop\Revature Items\Project 0\project\project[0m
[0m2021.07.13 12:48:17 INFO  [info] loading settings for project project-0-build from metals.sbt ...[0m
[0m2021.07.13 12:48:17 INFO  [info] loading project definition from C:\Users\gaber\Desktop\Revature Items\Project 0\project[0m
[0m2021.07.13 12:48:20 INFO  [success] Generated .bloop\project-0-build.json[0m
[0m2021.07.13 12:48:20 INFO  [success] Total time: 3 s, completed Jul 13, 2021 12:48:20 PM[0m
[0m2021.07.13 12:48:22 INFO  [info] loading settings for project project-0 from build.sbt ...[0m
[0m2021.07.13 12:48:22 INFO  [info] set current project to HelloWorldApp (in build file:/C:/Users/gaber/Desktop/Revature%20Items/Project%200/)[0m
[0m2021.07.13 12:48:29 INFO  [success] Generated .bloop\project-0-test.json[0m
[0m2021.07.13 12:48:29 INFO  [success] Generated .bloop\project-0.json[0m
[0m2021.07.13 12:48:29 INFO  [success] Total time: 7 s, completed Jul 13, 2021 12:48:29 PM[0m
[0m2021.07.13 12:48:29 INFO  sbt bloopInstall exit: 0[0m
[0m2021.07.13 12:48:29 INFO  time: ran 'sbt bloopInstall' in 22s[0m
[0m2021.07.13 12:48:29 INFO  Attempting to connect to the build server...[0m
Starting the bsp launcher for bloop...
Opening a bsp server connection with 'bsp --protocol tcp --port 14597'...
Waiting for the bsp connection to come up...
[0m[32m[D][0m Loading 2 projects from 'c:\Users\gaber\Desktop\Revature Items\Project 0\.bloop'...
[0m[32m[D][0m Loading project from 'c:\Users\gaber\Desktop\Revature Items\Project 0\.bloop\project-0-test.json'
[0m[32m[D][0m Loading project from 'c:\Users\gaber\Desktop\Revature Items\Project 0\.bloop\project-0.json'
[0m[32m[D][0m Missing analysis file for project 'project-0-test'
[0m[32m[D][0m Missing analysis file for project 'project-0'
[0m[32m[D][0m Waiting for a connection at 127.0.0.1:14597...
The server is listening for incoming connections at tcp://127.0.0.1:14597...
Starting thread that pumps stdin and redirects it to the bsp server...
Starting thread that pumps server stdout and redirects it to the client stdout...
[0m2021.07.13 12:48:30 INFO  tracing is disabled for protocol BSP, to enable tracing of incoming and outgoing JSON messages create an empty file at C:\Users\gaber\AppData\Local\scalameta\metals\cache\bsp.trace.json[0m
[0m2021.07.13 12:48:30 INFO  Attempting to connect to the build server...[0m
Starting the bsp launcher for bloop...
Opening a bsp server connection with 'bsp --protocol tcp --port 19171'...
Waiting for the bsp connection to come up...
[0m[32m[D][0m Loading workspace settings from bloop.settings.json
[0m[32m[D][0m Waiting for a connection at 127.0.0.1:19171...
The server is listening for incoming connections at tcp://127.0.0.1:19171...
Starting thread that pumps stdin and redirects it to the bsp server...
Starting thread that pumps server stdout and redirects it to the client stdout...
[0m2021.07.13 12:48:30 INFO  tracing is disabled for protocol BSP, to enable tracing of incoming and outgoing JSON messages create an empty file at C:\Users\gaber\AppData\Local\scalameta\metals\cache\bsp.trace.json[0m
[0m2021.07.13 12:48:30 INFO  time: Connected to build server in 0.97s[0m
[0m2021.07.13 12:48:30 INFO  Connected to Build server: Bloop v1.4.8-19-4d9f966b[0m
[0m2021.07.13 12:48:30 INFO  time: Imported build in 0.13s[0m
[0m2021.07.13 12:48:37 INFO  time: indexed workspace in 6.99s[0m
[0m2021.07.13 12:48:37 INFO  compiling project-0 (1 scala source)[0m
[0m2021.07.13 12:48:39 INFO  time: compiled project-0 in 2.02s[0m
Jul 13, 2021 12:48:47 PM org.eclipse.lsp4j.jsonrpc.services.GenericEndpoint notify
INFO: Unsupported notification method: $/setTrace
[0m2021.07.13 12:49:02 INFO  compiling project-0 (1 scala source)[0m
[0m2021.07.13 12:49:02 INFO  time: compiled project-0 in 0.8s[0m
Jul 13, 2021 12:50:37 PM org.eclipse.lsp4j.jsonrpc.services.GenericEndpoint notify
INFO: Unsupported notification method: $/setTrace
[0m2021.07.13 12:50:41 INFO  Listening for transport dt_socket at address: 63997[0m
[0m2021.07.13 12:50:41 INFO  tracing is disabled for protocol dap-server, to enable tracing of incoming and outgoing JSON messages create an empty file at C:\Users\gaber\AppData\Local\scalameta\metals\cache\dap-server.trace.json[0m
[0m2021.07.13 12:50:41 INFO  tracing is disabled for protocol dap-client, to enable tracing of incoming and outgoing JSON messages create an empty file at C:\Users\gaber\AppData\Local\scalameta\metals\cache\dap-client.trace.json[0m
[0m2021.07.13 12:50:42 INFO  Starting debug proxy for [Elemental_Showdown][0m
[0m2021.07.13 12:50:41 INFO  Trying to attach to remote debuggee VM 127.0.0.1:63997 .[0m
[0m2021.07.13 12:50:41 INFO  Attaching to debuggee VM succeeded.[0m
[0m2021.07.13 12:50:41 INFO  Hello, world![0m
[0m2021.07.13 12:50:42 INFO  Canceling debug proxy for [Elemental_Showdown][0m
Jul 13, 2021 12:51:54 PM org.eclipse.lsp4j.jsonrpc.RemoteEndpoint handleCancellation
WARNING: Unmatched cancel notification for request id 155
[0m2021.07.13 13:18:48 INFO  compiling project-0 (1 scala source)[0m
[0m2021.07.13 13:18:48 INFO  time: compiled project-0 in 0.42s[0m
[0m2021.07.13 13:19:19 INFO  compiling project-0 (1 scala source)[0m
[0m2021.07.13 13:19:19 INFO  time: compiled project-0 in 0.73s[0m
Jul 13, 2021 1:19:25 PM org.eclipse.lsp4j.jsonrpc.services.GenericEndpoint notify
INFO: Unsupported notification method: $/setTrace
Jul 13, 2021 1:37:14 PM org.eclipse.lsp4j.jsonrpc.RemoteEndpoint handleCancellation
WARNING: Unmatched cancel notification for request id 4489
[0m2021.07.13 13:40:00 INFO  compiling project-0 (1 scala source)[0m
[0m2021.07.13 13:40:00 INFO  time: compiled project-0 in 0.35s[0m
[0m2021.07.13 13:40:09 INFO  compiling project-0 (1 scala source)[0m
[0m2021.07.13 13:40:09 INFO  time: compiled project-0 in 0.31s[0m
[0m2021.07.13 13:40:21 INFO  compiling project-0 (1 scala source)[0m
[0m2021.07.13 13:40:21 INFO  time: compiled project-0 in 0.26s[0m
[0m2021.07.13 13:40:49 INFO  compiling project-0 (1 scala source)[0m
[0m2021.07.13 13:40:49 INFO  time: compiled project-0 in 0.29s[0m
[0m2021.07.13 13:40:54 INFO  compiling project-0 (1 scala source)[0m
[0m2021.07.13 13:40:54 INFO  time: compiled project-0 in 0.26s[0m
[0m2021.07.13 13:41:01 INFO  compiling project-0 (1 scala source)[0m
[0m2021.07.13 13:41:01 INFO  time: compiled project-0 in 0.32s[0m
[0m2021.07.13 13:41:23 INFO  compiling project-0 (1 scala source)[0m
[0m2021.07.13 13:41:23 INFO  time: compiled project-0 in 0.24s[0m
[0m2021.07.13 13:41:49 INFO  compiling project-0 (1 scala source)[0m
[0m2021.07.13 13:41:49 INFO  time: compiled project-0 in 0.26s[0m
[0m2021.07.13 13:41:51 INFO  compiling project-0 (1 scala source)[0m
[0m2021.07.13 13:41:51 INFO  time: compiled project-0 in 0.28s[0m
[0m2021.07.13 13:42:13 INFO  compiling project-0 (1 scala source)[0m
[0m2021.07.13 13:42:13 INFO  time: compiled project-0 in 0.24s[0m
[0m2021.07.13 13:42:32 INFO  compiling project-0 (1 scala source)[0m
[0m2021.07.13 13:42:32 INFO  time: compiled project-0 in 0.29s[0m
[0m2021.07.13 13:44:07 INFO  compiling project-0 (1 scala source)[0m
[0m2021.07.13 13:44:07 INFO  time: compiled project-0 in 0.26s[0m
[0m2021.07.13 13:44:32 INFO  compiling project-0 (1 scala source)[0m
[0m2021.07.13 13:44:32 INFO  time: compiled project-0 in 0.24s[0m
[0m2021.07.13 13:44:42 INFO  compiling project-0 (1 scala source)[0m
[0m2021.07.13 13:44:42 INFO  time: compiled project-0 in 0.29s[0m
[0m2021.07.13 13:45:01 INFO  compiling project-0 (1 scala source)[0m
[0m2021.07.13 13:45:01 INFO  time: compiled project-0 in 0.25s[0m
[0m2021.07.13 13:45:14 INFO  compiling project-0 (1 scala source)[0m
[0m2021.07.13 13:45:14 INFO  time: compiled project-0 in 0.23s[0m
[0m2021.07.13 13:45:17 INFO  compiling project-0 (1 scala source)[0m
[0m2021.07.13 13:45:17 INFO  time: compiled project-0 in 0.28s[0m
[0m2021.07.13 13:45:35 INFO  compiling project-0 (1 scala source)[0m
[0m2021.07.13 13:45:36 INFO  time: compiled project-0 in 1.51s[0m
[0m2021.07.13 13:45:59 INFO  compiling project-0 (1 scala source)[0m
[0m2021.07.13 13:45:59 INFO  time: compiled project-0 in 0.27s[0m
[0m2021.07.13 13:46:08 INFO  compiling project-0 (1 scala source)[0m
[0m2021.07.13 13:46:08 INFO  time: compiled project-0 in 0.85s[0m
[0m2021.07.13 13:46:17 INFO  compiling project-0 (1 scala source)[0m
[0m2021.07.13 13:46:17 INFO  time: compiled project-0 in 0.88s[0m
[0m2021.07.13 13:46:32 INFO  compiling project-0 (1 scala source)[0m
[0m2021.07.13 13:46:32 INFO  time: compiled project-0 in 0.88s[0m
Jul 13, 2021 2:06:50 PM scala.meta.internal.pc.CompletionProvider expected$1
WARNING: null
[0m2021.07.13 14:07:28 INFO  compiling project-0 (1 scala source)[0m
[0m2021.07.13 14:07:28 INFO  time: compiled project-0 in 0.18s[0m
[0m2021.07.13 14:07:46 INFO  compiling project-0 (1 scala source)[0m
[0m2021.07.13 14:07:46 INFO  time: compiled project-0 in 0.19s[0m
[0m2021.07.13 14:08:00 INFO  compiling project-0 (1 scala source)[0m
[0m2021.07.13 14:08:00 INFO  time: compiled project-0 in 0.16s[0m
[0m2021.07.13 14:08:03 INFO  compiling project-0 (1 scala source)[0m
[0m2021.07.13 14:08:03 INFO  time: compiled project-0 in 0.16s[0m
[0m2021.07.13 14:08:46 INFO  compiling project-0 (1 scala source)[0m
[0m2021.07.13 14:08:46 INFO  time: compiled project-0 in 0.15s[0m
[0m2021.07.13 14:11:01 INFO  compiling project-0 (1 scala source)[0m
[0m2021.07.13 14:11:01 INFO  time: compiled project-0 in 0.16s[0m
[0m2021.07.13 14:11:07 INFO  compiling project-0 (1 scala source)[0m
[0m2021.07.13 14:11:07 INFO  time: compiled project-0 in 0.24s[0m
[0m2021.07.13 14:11:26 INFO  compiling project-0 (1 scala source)[0m
[0m2021.07.13 14:11:26 INFO  time: compiled project-0 in 0.83s[0m
[0m2021.07.13 14:13:25 INFO  compiling project-0 (1 scala source)[0m
[0m2021.07.13 14:13:25 INFO  time: compiled project-0 in 0.24s[0m
[0m2021.07.13 14:13:33 INFO  compiling project-0 (1 scala source)[0m
[0m2021.07.13 14:13:33 INFO  time: compiled project-0 in 0.83s[0m
Jul 13, 2021 2:14:29 PM scala.meta.internal.pc.CompilerAccess scala$meta$internal$pc$CompilerAccess$$retryWithCleanCompiler
INFO: compiler crashed due to an error in the Scala compiler, retrying with new compiler instance.
Jul 13, 2021 2:14:29 PM scala.meta.internal.pc.CompilerAccess scala$meta$internal$pc$CompilerAccess$$handleError
SEVERE: null
java.lang.NullPointerException
	at scala.reflect.internal.Definitions$DefinitionsClass.isByNameParamType(Definitions.scala:379)
	at scala.reflect.internal.TreeInfo.isStableIdent(TreeInfo.scala:130)
	at scala.reflect.internal.TreeInfo.isStableIdentifier(TreeInfo.scala:105)
	at scala.reflect.internal.TreeInfo.isPath(TreeInfo.scala:95)
	at scala.reflect.internal.TreeInfo.admitsTypeSelection(TreeInfo.scala:147)
	at scala.tools.nsc.interactive.Global.stabilizedType(Global.scala:963)
	at scala.tools.nsc.interactive.Global.typedTreeAt(Global.scala:812)
	at scala.meta.internal.pc.HoverProvider.typedHoverTreeAt(HoverProvider.scala:239)
	at scala.meta.internal.pc.HoverProvider.hover(HoverProvider.scala:26)

Jul 13, 2021 2:14:29 PM scala.meta.internal.pc.CompilerAccess scala$meta$internal$pc$CompilerAccess$$retryWithCleanCompiler
INFO: compiler crashed due to an error in the Scala compiler, retrying with new compiler instance.
Jul 13, 2021 2:14:30 PM scala.meta.internal.pc.CompilerAccess scala$meta$internal$pc$CompilerAccess$$handleError
SEVERE: null
java.lang.NullPointerException
	at scala.reflect.internal.Definitions$DefinitionsClass.isByNameParamType(Definitions.scala:379)
	at scala.reflect.internal.TreeInfo.isStableIdent(TreeInfo.scala:130)
	at scala.reflect.internal.TreeInfo.isStableIdentifier(TreeInfo.scala:105)
	at scala.reflect.internal.TreeInfo.isPath(TreeInfo.scala:95)
	at scala.reflect.internal.TreeInfo.admitsTypeSelection(TreeInfo.scala:147)
	at scala.tools.nsc.interactive.Global.stabilizedType(Global.scala:963)
	at scala.tools.nsc.interactive.Global.typedTreeAt(Global.scala:812)
	at scala.meta.internal.pc.HoverProvider.typedHoverTreeAt(HoverProvider.scala:239)
	at scala.meta.internal.pc.HoverProvider.hover(HoverProvider.scala:26)

[0m2021.07.13 14:16:29 INFO  compiling project-0 (1 scala source)[0m
[0m2021.07.13 14:16:29 INFO  time: compiled project-0 in 0.24s[0m
[0m2021.07.13 14:18:07 INFO  compiling project-0 (1 scala source)[0m
[0m2021.07.13 14:18:08 INFO  time: compiled project-0 in 1.05s[0m
[0m2021.07.13 14:18:56 INFO  compiling project-0 (1 scala source)[0m
[0m2021.07.13 14:18:56 INFO  time: compiled project-0 in 0.84s[0m
[0m2021.07.13 14:19:42 INFO  shutting down Metals[0m
[0m2021.07.13 14:19:42 INFO  Shut down connection with build server.[0m
[0m2021.07.13 14:19:42 INFO  Shut down connection with build server.[0m
No more data in the server stdin, exiting...
No more data in the server stdin, exiting...
No more data in the client stdin, exiting...
No more data in the client stdin, exiting...
No more data in the server stdin, exiting...
[0m2021.07.14 11:02:45 INFO  Started: Metals version 0.10.4 in workspace 'C:\Users\gaber\Desktop\Revature Items\Project 0' for client Visual Studio Code 1.58.1.[0m
[0m2021.07.14 11:02:50 INFO  time: initialize in 5.5s[0m
[0m2021.07.14 11:02:49 INFO  Attempting to connect to the build server...[0m
[0m2021.07.14 11:02:50 WARN  no build target for: C:\Users\gaber\Desktop\Revature Items\Project 0\src\main\scala\Elemental_Showdown.scala[0m
[0m2021.07.14 11:02:50 INFO  skipping build import with status 'Installed'[0m
Starting the bsp launcher for bloop...
Opening a bsp server connection with 'bsp --protocol tcp --port 33795'...
Waiting for the bsp connection to come up...
Waiting for the bsp connection to come up...
[0m2021.07.14 11:02:53 INFO  no build target: using presentation compiler with only scala-library: 2.12.14[0m
Waiting for the bsp connection to come up...
Waiting for the bsp connection to come up...
[0m2021.07.14 11:02:56 INFO  time: code lens generation in 2.19s[0m
[0m2021.07.14 11:02:56 INFO  time: code lens generation in 5.7s[0m
Waiting for the bsp connection to come up...
No server running at 127.0.0.1:8212, let's fire one...
Resolving ch.epfl.scala:bloop-frontend_2.12:1.4.8-19-4d9f966b...
Starting bloop server at 127.0.0.1:8212...
Attempting a connection to the server...
[0m[32m[D][0m Loading workspace settings from bloop.settings.json
[0m[32m[D][0m Loading 2 projects from 'c:\Users\gaber\Desktop\Revature Items\Project 0\.bloop'...
[0m[32m[D][0m Loading project from 'c:\Users\gaber\Desktop\Revature Items\Project 0\.bloop\project-0-test.json'
[0m[32m[D][0m Loading project from 'c:\Users\gaber\Desktop\Revature Items\Project 0\.bloop\project-0.json'
[0m[32m[D][0m Cache miss for scala instance org.scala-lang:scala-compiler:2.11.12.
[0m[32m[D][0m   => C:\Users\gaber\AppData\Local\Coursier\Cache\v1\https\repo1.maven.org\maven2\jline\jline\2.14.3\jline-2.14.3.jar
[0m[32m[D][0m   => C:\Users\gaber\AppData\Local\Coursier\Cache\v1\https\repo1.maven.org\maven2\org\scala-lang\modules\scala-parser-combinators_2.11\1.0.4\scala-parser-combinators_2.11-1.0.4.jar
[0m[32m[D][0m   => C:\Users\gaber\AppData\Local\Coursier\Cache\v1\https\repo1.maven.org\maven2\org\scala-lang\modules\scala-xml_2.11\1.0.5\scala-xml_2.11-1.0.5.jar
[0m[32m[D][0m   => C:\Users\gaber\AppData\Local\Coursier\Cache\v1\https\repo1.maven.org\maven2\org\scala-lang\scala-compiler\2.11.12\scala-compiler-2.11.12.jar
[0m[32m[D][0m   => C:\Users\gaber\AppData\Local\Coursier\Cache\v1\https\repo1.maven.org\maven2\org\scala-lang\scala-library\2.11.12\scala-library-2.11.12.jar
[0m[32m[D][0m   => C:\Users\gaber\AppData\Local\Coursier\Cache\v1\https\repo1.maven.org\maven2\org\scala-lang\scala-reflect\2.11.12\scala-reflect-2.11.12.jar
[0m[32m[D][0m Configured SemanticDB in projects 'project-0-test', 'project-0'
[0m[32m[D][0m Missing analysis file for project 'project-0-test'
[0m[32m[D][0m Loading previous analysis for 'project-0' from 'C:\Users\gaber\Desktop\Revature Items\Project 0\target\streams\compile\bloopAnalysisOut\_global\streams\inc_compile_2.11.zip'.
[0m[32m[D][0m Waiting for a connection at 127.0.0.1:33795...
The server is listening for incoming connections at tcp://127.0.0.1:33795...
Starting thread that pumps stdin and redirects it to the bsp server...
Starting thread that pumps server stdout and redirects it to the client stdout...
[0m2021.07.14 11:02:58 INFO  tracing is disabled for protocol BSP, to enable tracing of incoming and outgoing JSON messages create an empty file at C:\Users\gaber\AppData\Local\scalameta\metals\cache\bsp.trace.json[0m
[0m2021.07.14 11:02:58 INFO  Attempting to connect to the build server...[0m
Starting the bsp launcher for bloop...
Opening a bsp server connection with 'bsp --protocol tcp --port 13954'...
Waiting for the bsp connection to come up...
[0m[32m[D][0m Loading workspace settings from bloop.settings.json
[0m[32m[D][0m Waiting for a connection at 127.0.0.1:13954...
The server is listening for incoming connections at tcp://127.0.0.1:13954...
Starting thread that pumps stdin and redirects it to the bsp server...
Starting thread that pumps server stdout and redirects it to the client stdout...
[0m2021.07.14 11:02:58 INFO  tracing is disabled for protocol BSP, to enable tracing of incoming and outgoing JSON messages create an empty file at C:\Users\gaber\AppData\Local\scalameta\metals\cache\bsp.trace.json[0m
[0m2021.07.14 11:02:58 INFO  time: Connected to build server in 8.07s[0m
[0m2021.07.14 11:02:58 INFO  Connected to Build server: Bloop v1.4.8-19-4d9f966b[0m
[0m2021.07.14 11:02:59 INFO  time: Imported build in 0.24s[0m
[0m2021.07.14 11:03:00 INFO  no build target: using presentation compiler with only scala-library: 2.12.13[0m
[0m2021.07.14 11:03:04 INFO  time: indexed workspace in 5.6s[0m
Jul 14, 2021 11:03:12 AM org.eclipse.lsp4j.jsonrpc.RemoteEndpoint handleCancellation
WARNING: Unmatched cancel notification for request id 59
[0m2021.07.14 11:06:40 INFO  compiling project-0 (1 scala source)[0m
[0m2021.07.14 11:06:42 INFO  time: compiled project-0 in 2.42s[0m
[0m2021.07.14 11:09:37 INFO  compiling project-0 (1 scala source)[0m
[0m2021.07.14 11:09:37 INFO  time: compiled project-0 in 0.56s[0m
[0m2021.07.14 11:09:46 INFO  compiling project-0 (1 scala source)[0m
[0m2021.07.14 11:09:48 INFO  time: compiled project-0 in 2.45s[0m
[0m2021.07.14 11:12:08 INFO  compiling project-0 (1 scala source)[0m
[0m2021.07.14 11:12:08 INFO  time: compiled project-0 in 0.52s[0m
[0m2021.07.14 11:13:31 INFO  compiling project-0 (1 scala source)[0m
[0m2021.07.14 11:13:32 INFO  time: compiled project-0 in 1.39s[0m
[0m2021.07.14 11:16:13 INFO  compiling project-0 (1 scala source)[0m
[0m2021.07.14 11:16:15 INFO  time: compiled project-0 in 1.49s[0m
[0m2021.07.14 11:17:45 INFO  compiling project-0 (1 scala source)[0m
[0m2021.07.14 11:17:46 INFO  time: compiled project-0 in 1.05s[0m
[0m2021.07.14 11:24:12 INFO  compiling project-0 (1 scala source)[0m
[0m2021.07.14 11:24:13 INFO  time: compiled project-0 in 1.22s[0m
[0m2021.07.14 11:25:28 INFO  compiling project-0 (1 scala source)[0m
[0m2021.07.14 11:25:28 INFO  time: compiled project-0 in 0.97s[0m
[0m2021.07.14 11:25:53 INFO  compiling project-0 (1 scala source)[0m
[0m2021.07.14 11:25:53 INFO  time: compiled project-0 in 1s[0m
[0m2021.07.14 11:28:51 INFO  compiling project-0 (1 scala source)[0m
[0m2021.07.14 11:28:51 INFO  time: compiled project-0 in 0.29s[0m
[0m2021.07.14 11:29:09 INFO  compiling project-0 (1 scala source)[0m
[0m2021.07.14 11:29:10 INFO  time: compiled project-0 in 1.06s[0m
[0m2021.07.14 11:32:09 INFO  compiling project-0 (1 scala source)[0m
[0m2021.07.14 11:32:09 INFO  time: compiled project-0 in 0.19s[0m
[0m2021.07.14 11:32:26 INFO  compiling project-0 (1 scala source)[0m
[0m2021.07.14 11:32:26 INFO  time: compiled project-0 in 0.28s[0m
[0m2021.07.14 11:32:32 INFO  compiling project-0 (1 scala source)[0m
[0m2021.07.14 11:32:32 INFO  time: compiled project-0 in 0.36s[0m
[0m2021.07.14 11:32:51 INFO  compiling project-0 (1 scala source)[0m
[0m2021.07.14 11:32:51 INFO  time: compiled project-0 in 0.18s[0m
[0m2021.07.14 11:32:56 INFO  compiling project-0 (1 scala source)[0m
[0m2021.07.14 11:32:56 INFO  time: compiled project-0 in 0.22s[0m
[0m2021.07.14 11:33:08 INFO  compiling project-0 (1 scala source)[0m
[0m2021.07.14 11:33:08 INFO  time: compiled project-0 in 0.18s[0m
[0m2021.07.14 11:33:11 INFO  compiling project-0 (1 scala source)[0m
[0m2021.07.14 11:33:11 INFO  time: compiled project-0 in 0.17s[0m
[0m2021.07.14 11:33:15 INFO  compiling project-0 (1 scala source)[0m
[0m2021.07.14 11:33:15 INFO  time: compiled project-0 in 0.33s[0m
[0m2021.07.14 11:33:20 INFO  compiling project-0 (1 scala source)[0m
[0m2021.07.14 11:33:22 INFO  time: compiled project-0 in 1.36s[0m
[0m2021.07.14 11:34:48 INFO  compiling project-0 (1 scala source)[0m
[0m2021.07.14 11:34:50 INFO  time: compiled project-0 in 1.51s[0m
[0m2021.07.14 11:37:55 INFO  compiling project-0 (1 scala source)[0m
[0m2021.07.14 11:37:55 INFO  time: compiled project-0 in 0.3s[0m
[0m2021.07.14 11:38:03 INFO  compiling project-0 (1 scala source)[0m
[0m2021.07.14 11:38:04 INFO  time: compiled project-0 in 1.33s[0m
[0m2021.07.14 11:40:18 INFO  compiling project-0 (1 scala source)[0m
[0m2021.07.14 11:40:19 INFO  time: compiled project-0 in 1.14s[0m
something's wrong: no file:///C:/Users/gaber/Desktop/Revature%20Items/Project%200/src/main/scala/Elemental_Showdown.scala in Array[String]RangePosition(file:///C:/Users/gaber/Desktop/Revature%20Items/Project%200/src/main/scala/Elemental_Showdown.scala, 197, 197, 210)
[0m2021.07.14 11:41:37 INFO  compiling project-0 (1 scala source)[0m
[0m2021.07.14 11:41:38 INFO  time: compiled project-0 in 1.19s[0m
Jul 14, 2021 11:41:45 AM org.eclipse.lsp4j.jsonrpc.services.GenericEndpoint notify
INFO: Unsupported notification method: $/setTrace
[0m2021.07.14 14:15:21 INFO  shutting down Metals[0m
No more data in the client stdin, exiting...
No more data in the server stdin, exiting...
No more data in the client stdin, exiting...
No more data in the server stdin, exiting...
Jul 14, 2021 2:15:21 PM org.eclipse.lsp4j.jsonrpc.RemoteEndpoint notify
INFO: Failed to send notification message.
org.eclipse.lsp4j.jsonrpc.JsonRpcException: java.nio.channels.ClosedChannelException
	at org.eclipse.lsp4j.jsonrpc.json.StreamMessageConsumer.consume(StreamMessageConsumer.java:72)
	at org.eclipse.lsp4j.jsonrpc.RemoteEndpoint.notify(RemoteEndpoint.java:126)
	at org.eclipse.lsp4j.jsonrpc.services.EndpointProxy.invoke(EndpointProxy.java:88)
	at com.sun.proxy.$Proxy8.onBuildExit(Unknown Source)
	at scala.meta.internal.metals.BuildServerConnection.$anonfun$shutdown$1(BuildServerConnection.scala:89)
	at scala.meta.internal.metals.BuildServerConnection.$anonfun$shutdown$1$adapted(BuildServerConnection.scala:85)
	at scala.util.Success.$anonfun$map$1(Try.scala:255)
	at scala.util.Success.map(Try.scala:213)
	at scala.concurrent.Future.$anonfun$map$1(Future.scala:292)
	at scala.concurrent.impl.Promise.liftedTree1$1(Promise.scala:33)
	at scala.concurrent.impl.Promise.$anonfun$transform$1(Promise.scala:33)
	at scala.concurrent.impl.CallbackRunnable.run(Promise.scala:64)
	at java.util.concurrent.ThreadPoolExecutor.runWorker(ThreadPoolExecutor.java:1149)
	at java.util.concurrent.ThreadPoolExecutor$Worker.run(ThreadPoolExecutor.java:624)
	at java.lang.Thread.run(Thread.java:748)
Caused by: java.nio.channels.ClosedChannelException
	at sun.nio.ch.SocketChannelImpl.ensureWriteOpen(SocketChannelImpl.java:268)
	at sun.nio.ch.SocketChannelImpl.write(SocketChannelImpl.java:459)
	at sun.nio.ch.SinkChannelImpl.write(SinkChannelImpl.java:114)
	at java.nio.channels.Channels.writeFullyImpl(Channels.java:78)
	at java.nio.channels.Channels.writeFully(Channels.java:98)
	at java.nio.channels.Channels.access$000(Channels.java:61)
	at java.nio.channels.Channels$1.write(Channels.java:174)
	at java.io.OutputStream.write(OutputStream.java:75)
	at java.nio.channels.Channels$1.write(Channels.java:155)
	at scala.meta.internal.metals.ClosableOutputStream.write(ClosableOutputStream.scala:26)
	at java.io.FilterOutputStream.write(FilterOutputStream.java:125)
	at java.io.FilterOutputStream.write(FilterOutputStream.java:97)
	at org.eclipse.lsp4j.jsonrpc.json.StreamMessageConsumer.consume(StreamMessageConsumer.java:67)
	... 14 more

[0m2021.07.14 14:15:21 INFO  Shut down connection with build server.[0m
[0m2021.07.16 08:24:31 INFO  Started: Metals version 0.10.5 in workspace 'C:\Users\gaber\Desktop\Revature Items\Project 0' for client Visual Studio Code 1.58.1.[0m
[0m2021.07.16 08:24:31 INFO  time: initialize in 0.57s[0m
[0m2021.07.16 08:24:36 INFO  Attempting to connect to the build server...[0m
[0m2021.07.16 08:24:36 WARN  no build target for: C:\Users\gaber\Desktop\Revature Items\Project 0\src\main\scala\Elemental_Showdown.scala[0m
[0m2021.07.16 08:24:36 INFO  skipping build import with status 'Installed'[0m
Starting the bsp launcher for bloop...
Opening a bsp server connection with 'bsp --protocol tcp --port 23095'...
Waiting for the bsp connection to come up...
[0m[32m[D][0m Loading workspace settings from bloop.settings.json
[0m[32m[D][0m Waiting for a connection at 127.0.0.1:23095...
The server is listening for incoming connections at tcp://127.0.0.1:23095...
Starting thread that pumps stdin and redirects it to the bsp server...
Starting thread that pumps server stdout and redirects it to the client stdout...
[0m2021.07.16 08:24:37 INFO  tracing is disabled for protocol BSP, to enable tracing of incoming and outgoing JSON messages create an empty file at C:\Users\gaber\AppData\Local\scalameta\metals\cache\bsp.trace.json[0m
[0m2021.07.16 08:24:39 INFO  no build target: using presentation compiler with only scala-library: 2.12.14[0m
[0m2021.07.16 08:24:41 INFO  Attempting to connect to the build server...[0m
Starting the bsp launcher for bloop...
Opening a bsp server connection with 'bsp --protocol tcp --port 36091'...
Waiting for the bsp connection to come up...
[0m[32m[D][0m Loading workspace settings from bloop.settings.json
[0m[32m[D][0m Waiting for a connection at 127.0.0.1:36091...
The server is listening for incoming connections at tcp://127.0.0.1:36091...
Starting thread that pumps stdin and redirects it to the bsp server...
Starting thread that pumps server stdout and redirects it to the client stdout...
[0m2021.07.16 08:24:41 INFO  tracing is disabled for protocol BSP, to enable tracing of incoming and outgoing JSON messages create an empty file at C:\Users\gaber\AppData\Local\scalameta\metals\cache\bsp.trace.json[0m
[0m2021.07.16 08:24:42 INFO  time: code lens generation in 6.07s[0m
[0m2021.07.16 08:24:43 INFO  time: Connected to build server in 6.84s[0m
[0m2021.07.16 08:24:43 INFO  Connected to Build server: Bloop v1.4.8-19-4d9f966b[0m
[0m2021.07.16 08:24:43 INFO  time: Imported build in 0.19s[0m
[0m2021.07.16 08:24:47 INFO  time: indexed workspace in 3.92s[0m
[0m2021.07.16 08:33:57 INFO  compiling project-0 (1 scala source)[0m
[0m2021.07.16 08:33:58 INFO  time: compiled project-0 in 1.61s[0m
[0m2021.07.16 08:57:04 INFO  compiling project-0 (1 scala source)[0m
[0m2021.07.16 08:57:05 INFO  time: compiled project-0 in 1.07s[0m
[0m2021.07.16 08:58:23 INFO  compiling project-0 (1 scala source)[0m
[0m2021.07.16 08:58:25 INFO  time: compiled project-0 in 1.16s[0m
[0m2021.07.16 08:58:52 INFO  compiling project-0 (1 scala source)[0m
[0m2021.07.16 08:58:53 INFO  time: compiled project-0 in 1.08s[0m
[0m2021.07.16 08:59:14 INFO  compiling project-0 (1 scala source)[0m
[0m2021.07.16 08:59:15 INFO  time: compiled project-0 in 1.03s[0m
[0m2021.07.16 09:00:56 INFO  compiling project-0 (1 scala source)[0m
[0m2021.07.16 09:00:56 INFO  time: compiled project-0 in 0.98s[0m
[0m2021.07.16 09:01:35 INFO  compiling project-0 (1 scala source)[0m
[0m2021.07.16 09:01:36 INFO  time: compiled project-0 in 1.43s[0m
[0m2021.07.16 09:01:48 INFO  compiling project-0 (1 scala source)[0m
[0m2021.07.16 09:01:49 INFO  time: compiled project-0 in 1.5s[0m
[0m2021.07.16 09:03:15 INFO  compiling project-0 (1 scala source)[0m
[0m2021.07.16 09:03:15 INFO  time: compiled project-0 in 0.9s[0m
[0m2021.07.16 09:06:24 INFO  compiling project-0 (1 scala source)[0m
[0m2021.07.16 09:06:25 INFO  time: compiled project-0 in 1.02s[0m
[0m2021.07.16 09:06:46 INFO  compiling project-0 (1 scala source)[0m
[0m2021.07.16 09:06:47 INFO  time: compiled project-0 in 1.01s[0m
[0m2021.07.16 09:08:24 INFO  compiling project-0 (1 scala source)[0m
[0m2021.07.16 09:08:25 INFO  time: compiled project-0 in 1.01s[0m
Jul 16, 2021 9:08:46 AM org.eclipse.lsp4j.jsonrpc.RemoteEndpoint handleCancellation
WARNING: Unmatched cancel notification for request id 1631
[0m2021.07.16 09:09:31 INFO  compiling project-0 (1 scala source)[0m
[0m2021.07.16 09:09:32 INFO  time: compiled project-0 in 1.02s[0m
[0m2021.07.16 09:09:40 INFO  compiling project-0 (1 scala source)[0m
[0m2021.07.16 09:09:40 INFO  time: compiled project-0 in 0.9s[0m
[0m2021.07.16 09:14:08 INFO  compiling project-0 (1 scala source)[0m
[0m2021.07.16 09:14:08 INFO  time: compiled project-0 in 0.87s[0m
[0m2021.07.16 09:15:00 INFO  compiling project-0 (1 scala source)[0m
[0m2021.07.16 09:15:00 INFO  time: compiled project-0 in 0.89s[0m
[0m2021.07.16 09:15:09 INFO  compiling project-0 (1 scala source)[0m
[0m2021.07.16 09:15:09 INFO  time: compiled project-0 in 0.93s[0m
[0m2021.07.16 09:18:31 INFO  compiling project-0 (1 scala source)[0m
[0m2021.07.16 09:18:31 INFO  time: compiled project-0 in 0.96s[0m
[0m2021.07.16 09:18:43 INFO  compiling project-0 (1 scala source)[0m
[0m2021.07.16 09:18:43 INFO  time: compiled project-0 in 0.92s[0m
[0m2021.07.16 09:20:41 INFO  compiling project-0 (1 scala source)[0m
[0m2021.07.16 09:20:41 INFO  time: compiled project-0 in 0.88s[0m
[0m2021.07.16 09:24:44 INFO  compiling project-0 (1 scala source)[0m
[0m2021.07.16 09:24:45 INFO  time: compiled project-0 in 1.03s[0m
[0m2021.07.16 09:25:54 INFO  compiling project-0 (1 scala source)[0m
[0m2021.07.16 09:25:54 INFO  time: compiled project-0 in 0.96s[0m
[0m2021.07.16 09:26:04 INFO  compiling project-0 (1 scala source)[0m
[0m2021.07.16 09:26:04 INFO  time: compiled project-0 in 0.97s[0m
[0m2021.07.16 09:26:47 INFO  compiling project-0 (1 scala source)[0m
[0m2021.07.16 09:26:47 INFO  time: compiled project-0 in 0.89s[0m
[0m2021.07.16 09:28:05 INFO  compiling project-0 (1 scala source)[0m
[0m2021.07.16 09:28:06 INFO  time: compiled project-0 in 1.43s[0m
Jul 16, 2021 9:29:45 AM org.eclipse.lsp4j.jsonrpc.RemoteEndpoint handleCancellation
WARNING: Unmatched cancel notification for request id 3690
[0m2021.07.16 09:30:15 INFO  compiling project-0 (1 scala source)[0m
[0m2021.07.16 09:30:15 INFO  time: compiled project-0 in 0.99s[0m
[0m2021.07.16 09:31:09 INFO  compiling project-0 (1 scala source)[0m
[0m2021.07.16 09:31:09 INFO  time: compiled project-0 in 0.96s[0m
[0m2021.07.16 09:31:58 INFO  compiling project-0 (1 scala source)[0m
[0m2021.07.16 09:31:58 INFO  time: compiled project-0 in 0.91s[0m
Jul 16, 2021 9:32:23 AM org.eclipse.lsp4j.jsonrpc.RemoteEndpoint handleCancellation
WARNING: Unmatched cancel notification for request id 3958
[0m2021.07.16 09:32:48 INFO  compiling project-0 (1 scala source)[0m
[0m2021.07.16 09:32:48 INFO  time: compiled project-0 in 0.93s[0m
[0m2021.07.16 09:33:51 INFO  compiling project-0 (1 scala source)[0m
[0m2021.07.16 09:33:51 INFO  time: compiled project-0 in 0.86s[0m
[0m2021.07.16 09:38:31 INFO  compiling project-0 (1 scala source)[0m
[0m2021.07.16 09:38:31 INFO  time: compiled project-0 in 0.92s[0m
Jul 16, 2021 9:38:35 AM org.eclipse.lsp4j.jsonrpc.services.GenericEndpoint notify
INFO: Unsupported notification method: $/setTrace
[0m2021.07.16 09:46:12 INFO  compiling project-0 (1 scala source)[0m
[0m2021.07.16 09:46:12 INFO  time: compiled project-0 in 0.89s[0m
[0m2021.07.16 09:48:01 INFO  compiling project-0 (1 scala source)[0m
[0m2021.07.16 09:48:01 INFO  time: compiled project-0 in 0.88s[0m
[0m2021.07.16 09:50:11 INFO  shutting down Metals[0m
[0m2021.07.16 09:50:11 INFO  Shut down connection with build server.[0m
[0m2021.07.16 09:50:11 INFO  Shut down connection with build server.[0m
No more data in the client stdin, exiting...
No more data in the client stdin, exiting...
No more data in the server stdin, exiting...
[0m2021.07.20 09:25:40 INFO  Started: Metals version 0.10.5 in workspace 'C:\Users\gaber\Desktop\Revature Items\Project 0' for client Visual Studio Code 1.58.2.[0m
[0m2021.07.20 09:25:40 INFO  time: initialize in 0.51s[0m
[0m2021.07.20 09:25:41 INFO  Attempting to connect to the build server...[0m
[0m2021.07.20 09:25:40 WARN  no build target for: C:\Users\gaber\Desktop\Revature Items\Project 0\src\main\scala\Elemental_Showdown.scala[0m
[0m2021.07.20 09:25:40 INFO  skipping build import with status 'Installed'[0m
Starting the bsp launcher for bloop...
Opening a bsp server connection with 'bsp --protocol tcp --port 26534'...
Waiting for the bsp connection to come up...
Waiting for the bsp connection to come up...
[0m2021.07.20 09:25:44 INFO  no build target: using presentation compiler with only scala-library: 2.12.14[0m
Waiting for the bsp connection to come up...
Waiting for the bsp connection to come up...
Waiting for the bsp connection to come up...
[0m2021.07.20 09:25:49 INFO  time: code lens generation in 8.29s[0m
Waiting for the bsp connection to come up...
No server running at 127.0.0.1:8212, let's fire one...
Resolving ch.epfl.scala:bloop-frontend_2.12:1.4.8-19-4d9f966b...
Starting bloop server at 127.0.0.1:8212...
Attempting a connection to the server...
[0m[32m[D][0m Loading workspace settings from bloop.settings.json
[0m[32m[D][0m Loading 2 projects from 'c:\Users\gaber\Desktop\Revature Items\Project 0\.bloop'...
[0m[32m[D][0m Loading project from 'c:\Users\gaber\Desktop\Revature Items\Project 0\.bloop\project-0.json'
[0m[32m[D][0m Loading project from 'c:\Users\gaber\Desktop\Revature Items\Project 0\.bloop\project-0-test.json'
[0m[32m[D][0m Cache miss for scala instance org.scala-lang:scala-compiler:2.11.12.
[0m[32m[D][0m   => C:\Users\gaber\AppData\Local\Coursier\Cache\v1\https\repo1.maven.org\maven2\jline\jline\2.14.3\jline-2.14.3.jar
[0m[32m[D][0m   => C:\Users\gaber\AppData\Local\Coursier\Cache\v1\https\repo1.maven.org\maven2\org\scala-lang\modules\scala-parser-combinators_2.11\1.0.4\scala-parser-combinators_2.11-1.0.4.jar
[0m[32m[D][0m   => C:\Users\gaber\AppData\Local\Coursier\Cache\v1\https\repo1.maven.org\maven2\org\scala-lang\modules\scala-xml_2.11\1.0.5\scala-xml_2.11-1.0.5.jar
[0m[32m[D][0m   => C:\Users\gaber\AppData\Local\Coursier\Cache\v1\https\repo1.maven.org\maven2\org\scala-lang\scala-compiler\2.11.12\scala-compiler-2.11.12.jar
[0m[32m[D][0m   => C:\Users\gaber\AppData\Local\Coursier\Cache\v1\https\repo1.maven.org\maven2\org\scala-lang\scala-library\2.11.12\scala-library-2.11.12.jar
[0m[32m[D][0m   => C:\Users\gaber\AppData\Local\Coursier\Cache\v1\https\repo1.maven.org\maven2\org\scala-lang\scala-reflect\2.11.12\scala-reflect-2.11.12.jar
[0m[32m[D][0m Configured SemanticDB in projects 'project-0', 'project-0-test'
[0m[32m[D][0m Missing analysis file for project 'project-0-test'
[0m[32m[D][0m Loading previous analysis for 'project-0' from 'C:\Users\gaber\Desktop\Revature Items\Project 0\target\streams\compile\bloopAnalysisOut\_global\streams\inc_compile_2.11.zip'.
[0m[32m[D][0m Waiting for a connection at 127.0.0.1:26534...
The server is listening for incoming connections at tcp://127.0.0.1:26534...
Starting thread that pumps stdin and redirects it to the bsp server...
Starting thread that pumps server stdout and redirects it to the client stdout...
[0m2021.07.20 09:25:51 INFO  tracing is disabled for protocol BSP, to enable tracing of incoming and outgoing JSON messages create an empty file at C:\Users\gaber\AppData\Local\scalameta\metals\cache\bsp.trace.json[0m
[0m2021.07.20 09:25:51 INFO  Attempting to connect to the build server...[0m
Starting the bsp launcher for bloop...
Opening a bsp server connection with 'bsp --protocol tcp --port 17927'...
Waiting for the bsp connection to come up...
[0m[32m[D][0m Loading workspace settings from bloop.settings.json
[0m[32m[D][0m Waiting for a connection at 127.0.0.1:17927...
The server is listening for incoming connections at tcp://127.0.0.1:17927...
Starting thread that pumps stdin and redirects it to the bsp server...
Starting thread that pumps server stdout and redirects it to the client stdout...
[0m2021.07.20 09:25:51 INFO  tracing is disabled for protocol BSP, to enable tracing of incoming and outgoing JSON messages create an empty file at C:\Users\gaber\AppData\Local\scalameta\metals\cache\bsp.trace.json[0m
[0m2021.07.20 09:25:51 INFO  time: Connected to build server in 10s[0m
[0m2021.07.20 09:25:51 INFO  Connected to Build server: Bloop v1.4.8-19-4d9f966b[0m
[0m2021.07.20 09:25:51 INFO  time: Imported build in 0.24s[0m
[0m2021.07.20 09:25:56 INFO  time: indexed workspace in 4.58s[0m
[0m2021.07.20 09:25:57 INFO  compiling project-0 (1 scala source)[0m
[0m2021.07.20 09:26:04 INFO  time: compiled project-0 in 6.11s[0m
Jul 20, 2021 9:38:38 AM org.eclipse.lsp4j.jsonrpc.RemoteEndpoint handleCancellation
WARNING: Unmatched cancel notification for request id 223
Jul 20, 2021 9:40:14 AM org.eclipse.lsp4j.jsonrpc.RemoteEndpoint handleCancellation
WARNING: Unmatched cancel notification for request id 391
Jul 20, 2021 9:40:14 AM org.eclipse.lsp4j.jsonrpc.RemoteEndpoint handleCancellation
WARNING: Unmatched cancel notification for request id 390
Jul 20, 2021 9:46:59 AM org.eclipse.lsp4j.jsonrpc.RemoteEndpoint handleCancellation
WARNING: Unmatched cancel notification for request id 1230
[0m2021.07.20 10:12:54 INFO  compiling project-0 (1 scala source)[0m
[0m2021.07.20 10:12:54 INFO  time: compiled project-0 in 0.97s[0m
[0m2021.07.20 10:13:02 INFO  compiling project-0 (1 scala source)[0m
[0m2021.07.20 10:13:04 INFO  time: compiled project-0 in 2.22s[0m
Jul 20, 2021 10:13:17 AM org.eclipse.lsp4j.jsonrpc.services.GenericEndpoint notify
INFO: Unsupported notification method: $/setTrace
[0m2021.07.20 13:20:30 INFO  compiling project-0 (1 scala source)[0m
[0m2021.07.20 13:20:33 INFO  time: compiled project-0 in 2.78s[0m
Jul 20, 2021 1:21:24 PM org.eclipse.lsp4j.jsonrpc.RemoteEndpoint handleCancellation
WARNING: Unmatched cancel notification for request id 2820
[0m2021.07.20 13:21:59 INFO  compiling project-0 (1 scala source)[0m
[0m2021.07.20 13:22:01 INFO  time: compiled project-0 in 2.04s[0m
[0m2021.07.20 13:22:41 INFO  compiling project-0 (1 scala source)[0m
[0m2021.07.20 13:22:43 INFO  time: compiled project-0 in 1.44s[0m
[0m2021.07.20 13:24:10 INFO  compiling project-0 (1 scala source)[0m
[0m2021.07.20 13:24:12 INFO  time: compiled project-0 in 1.44s[0m
[0m2021.07.20 13:26:41 INFO  compiling project-0 (1 scala source)[0m
[0m2021.07.20 13:26:42 INFO  time: compiled project-0 in 1.43s[0m
[0m2021.07.20 13:30:48 INFO  tracing is disabled for protocol dap-server, to enable tracing of incoming and outgoing JSON messages create an empty file at C:\Users\gaber\AppData\Local\scalameta\metals\cache\dap-server.trace.json[0m
[0m2021.07.20 13:30:48 INFO  Listening for transport dt_socket at address: 65120[0m
[0m2021.07.20 13:30:48 INFO  tracing is disabled for protocol dap-client, to enable tracing of incoming and outgoing JSON messages create an empty file at C:\Users\gaber\AppData\Local\scalameta\metals\cache\dap-client.trace.json[0m
[0m2021.07.20 13:30:48 INFO  Starting debug proxy for [Elemental_Showdown][0m
[0m2021.07.20 13:30:48 INFO  Trying to attach to remote debuggee VM 127.0.0.1:65120 .[0m
[0m2021.07.20 13:30:48 INFO  Attaching to debuggee VM succeeded.[0m
[0m2021.07.20 13:31:05 INFO  Enter your name: [0m
[0m2021.07.20 13:31:05 INFO  Canceling debug proxy for [Elemental_Showdown][0m
[0m2021.07.20 13:33:09 INFO  compiling project-0 (1 scala source)[0m
[0m2021.07.20 13:33:10 INFO  time: compiled project-0 in 1.49s[0m
[0m2021.07.20 13:38:51 INFO  compiling project-0 (1 scala source)[0m
[0m2021.07.20 13:38:53 INFO  time: compiled project-0 in 1.78s[0m
[0m2021.07.20 13:39:48 INFO  compiling project-0 (1 scala source)[0m
[0m2021.07.20 13:39:49 INFO  time: compiled project-0 in 1.3s[0m
[0m2021.07.20 13:43:24 INFO  compiling project-0 (1 scala source)[0m
[0m2021.07.20 13:43:25 INFO  time: compiled project-0 in 1.27s[0m
[0m2021.07.20 13:50:14 INFO  compiling project-0 (1 scala source)[0m
[0m2021.07.20 13:50:15 INFO  time: compiled project-0 in 1.24s[0m
[0m2021.07.20 13:51:27 INFO  compiling project-0 (1 scala source)[0m
[0m2021.07.20 13:51:28 INFO  time: compiled project-0 in 1.26s[0m
[0m2021.07.20 13:51:37 INFO  compiling project-0 (1 scala source)[0m
[0m2021.07.20 13:51:38 INFO  time: compiled project-0 in 1.26s[0m
[0m2021.07.20 13:51:41 INFO  compiling project-0 (1 scala source)[0m
[0m2021.07.20 13:51:42 INFO  time: compiled project-0 in 1.26s[0m
[0m2021.07.20 13:52:30 INFO  compiling project-0 (1 scala source)[0m
[0m2021.07.20 13:52:32 INFO  time: compiled project-0 in 1.21s[0m
[0m2021.07.20 13:56:15 INFO  compiling project-0 (1 scala source)[0m
[0m2021.07.20 13:56:16 INFO  time: compiled project-0 in 1.17s[0m
[0m2021.07.20 13:56:52 INFO  compiling project-0 (1 scala source)[0m
[0m2021.07.20 13:56:54 INFO  time: compiled project-0 in 1.32s[0m
[0m2021.07.20 14:02:34 INFO  compiling project-0 (1 scala source)[0m
[0m2021.07.20 14:02:36 INFO  time: compiled project-0 in 1.22s[0m
[0m2021.07.20 14:03:08 INFO  compiling project-0 (1 scala source)[0m
[0m2021.07.20 14:03:10 INFO  time: compiled project-0 in 1.25s[0m
[0m2021.07.20 14:03:28 INFO  compiling project-0 (1 scala source)[0m
[0m2021.07.20 14:03:30 INFO  time: compiled project-0 in 1.89s[0m
[0m2021.07.20 15:27:02 INFO  compiling project-0 (1 scala source)[0m
[0m2021.07.20 15:27:03 INFO  time: compiled project-0 in 1.1s[0m
